<?xml version="1.0" encoding="UTF-8"?>
<!-- Generated by org.testng.reporters.JUnitReportReporter -->
<testsuite hostname="FR-CHD-00674" failures="0" tests="1" name="Kamera.Transfer_fund" time="8.144" errors="0" timestamp="2024-09-14T16:16:28 IST" skipped="0">
  <testcase classname="Kamera.Transfer_fund" name="f" time="8.144"/>
  <system-out/>
</testsuite> <!-- Kamera.Transfer_fund -->
